<?xml version="1.0" encoding="UTF-8"?>
<testng-results skipped="0" failed="0" ignored="0" total="1" passed="1">
  <reporter-output>
  </reporter-output>
  <suite name="Default suite" duration-ms="37" started-at="2018-06-10T22:21:57Z" finished-at="2018-06-10T22:21:57Z">
    <groups>
    </groups>
    <test name="Default test" duration-ms="37" started-at="2018-06-10T22:21:57Z" finished-at="2018-06-10T22:21:57Z">
      <class name="com.testers.test.Abc">
        <test-method status="PASS" signature="Abc()[pri:0, instance:com.testers.test.Abc@215be6bb]" name="Abc" duration-ms="13" started-at="2018-06-10T22:21:57Z" finished-at="2018-06-10T22:21:57Z">
          <reporter-output>
          </reporter-output>
        </test-method> <!-- Abc -->
      </class> <!-- com.testers.test.Abc -->
    </test> <!-- Default test -->
  </suite> <!-- Default suite -->
</testng-results>
