<?xml version="1.0" encoding="UTF-8"?>
<testng-results skipped="0" failed="0" ignored="0" total="4" passed="4">
  <reporter-output>
  </reporter-output>
  <suite name="Default suite" duration-ms="31" started-at="2018-06-05T06:04:08Z" finished-at="2018-06-05T06:04:08Z">
    <groups>
    </groups>
    <test name="Default test" duration-ms="31" started-at="2018-06-05T06:04:08Z" finished-at="2018-06-05T06:04:08Z">
      <class name="com.testersconnect.tests.Regression_Test">
        <test-method status="PASS" signature="init()[pri:0, instance:com.testersconnect.tests.Regression_Test@396a51ab]" name="init" is-config="true" duration-ms="16" started-at="2018-06-05T06:04:08Z" finished-at="2018-06-05T06:04:08Z">
          <reporter-output>
          </reporter-output>
        </test-method> <!-- init -->
        <test-method status="PASS" signature="verifyFBLogin()[pri:1, instance:com.testersconnect.tests.Regression_Test@396a51ab]" name="verifyFBLogin" duration-ms="0" started-at="2018-06-05T06:04:08Z" description="Verfies Login Feature in FB" finished-at="2018-06-05T06:04:08Z">
          <reporter-output>
          </reporter-output>
        </test-method> <!-- verifyFBLogin -->
        <test-method status="PASS" signature="verifyFBC0mment()[pri:3, instance:com.testersconnect.tests.Regression_Test@396a51ab]" name="verifyFBC0mment" duration-ms="0" started-at="2018-06-05T06:04:08Z" description="Verfies Login Feature post feature in FB" finished-at="2018-06-05T06:04:08Z">
          <reporter-output>
          </reporter-output>
        </test-method> <!-- verifyFBC0mment -->
        <test-method status="PASS" signature="cleanup()[pri:0, instance:com.testersconnect.tests.Regression_Test@396a51ab]" name="cleanup" is-config="true" duration-ms="0" started-at="2018-06-05T06:04:08Z" finished-at="2018-06-05T06:04:08Z">
          <reporter-output>
          </reporter-output>
        </test-method> <!-- cleanup -->
        <test-method status="PASS" signature="verifyFBViewNote()[pri:2, instance:com.testersconnect.tests.Regression_Test@396a51ab]" name="verifyFBViewNote" duration-ms="0" started-at="2018-06-05T06:04:08Z" description="Verfies Login View note comments Feature in FB" finished-at="2018-06-05T06:04:08Z">
          <reporter-output>
          </reporter-output>
        </test-method> <!-- verifyFBViewNote -->
        <test-method status="PASS" signature="verifyFBLogout()[pri:4, instance:com.testersconnect.tests.Regression_Test@396a51ab]" name="verifyFBLogout" duration-ms="0" started-at="2018-06-05T06:04:08Z" description="Verfies Logout Feature in FB" finished-at="2018-06-05T06:04:08Z">
          <reporter-output>
          </reporter-output>
        </test-method> <!-- verifyFBLogout -->
      </class> <!-- com.testersconnect.tests.Regression_Test -->
    </test> <!-- Default test -->
  </suite> <!-- Default suite -->
</testng-results>
