<?xml version="1.0" encoding="UTF-8"?>
<testng-results skipped="0" failed="0" ignored="0" total="1" passed="1">
  <reporter-output>
  </reporter-output>
  <suite name="Default suite" duration-ms="28" started-at="2018-06-09T20:36:29Z" finished-at="2018-06-09T20:36:29Z">
    <groups>
    </groups>
    <test name="Default test" duration-ms="28" started-at="2018-06-09T20:36:29Z" finished-at="2018-06-09T20:36:29Z">
      <class name="com.testingweather.test.WeatherTesting">
        <test-method status="PASS" signature="WeatherReport()[pri:0, instance:com.testingweather.test.WeatherTesting@215be6bb]" name="WeatherReport" duration-ms="8" started-at="2018-06-09T20:36:29Z" finished-at="2018-06-09T20:36:29Z">
          <reporter-output>
          </reporter-output>
        </test-method> <!-- WeatherReport -->
      </class> <!-- com.testingweather.test.WeatherTesting -->
    </test> <!-- Default test -->
  </suite> <!-- Default suite -->
</testng-results>
