<?xml version="1.0" encoding="UTF-8"?>
<testng-results skipped="0" failed="0" ignored="0" total="1" passed="1">
  <reporter-output>
  </reporter-output>
  <suite name="Default suite" duration-ms="27" started-at="2018-06-09T20:39:32Z" finished-at="2018-06-09T20:39:32Z">
    <groups>
    </groups>
    <test name="Default test" duration-ms="27" started-at="2018-06-09T20:39:32Z" finished-at="2018-06-09T20:39:32Z">
      <class name="com.testersconnect.tests.TestClass">
        <test-method status="PASS" signature="test1()[pri:0, instance:com.testersconnect.tests.TestClass@215be6bb]" name="test1" duration-ms="12" started-at="2018-06-09T20:39:32Z" finished-at="2018-06-09T20:39:32Z">
          <reporter-output>
          </reporter-output>
        </test-method> <!-- test1 -->
      </class> <!-- com.testersconnect.tests.TestClass -->
    </test> <!-- Default test -->
  </suite> <!-- Default suite -->
</testng-results>
