<?xml version="1.0" encoding="UTF-8"?>
<testng-results skipped="0" failed="0" ignored="0" total="1" passed="1">
  <reporter-output>
  </reporter-output>
  <suite name="Default suite" duration-ms="28" started-at="2018-06-09T19:42:17Z" finished-at="2018-06-09T19:42:18Z">
    <groups>
    </groups>
    <test name="Default test" duration-ms="28" started-at="2018-06-09T19:42:17Z" finished-at="2018-06-09T19:42:18Z">
      <class name="com.testersconnect.tests.TestSuite">
        <test-method status="PASS" signature="CreateCompany()[pri:0, instance:com.testersconnect.tests.TestSuite@215be6bb]" name="CreateCompany" duration-ms="8" started-at="2018-06-09T19:42:18Z" finished-at="2018-06-09T19:42:18Z">
          <reporter-output>
          </reporter-output>
        </test-method> <!-- CreateCompany -->
      </class> <!-- com.testersconnect.tests.TestSuite -->
    </test> <!-- Default test -->
  </suite> <!-- Default suite -->
</testng-results>
