<?xml version="1.0" encoding="UTF-8"?>
<!-- Generated by org.testng.reporters.JUnitXMLReporter -->
<testsuite hostname="DESKTOP-DDN2NNO" ignored="0" name="Default test" tests="4" failures="0" timestamp="05 Jun 2018 06:04:08 GMT" time="0.031" errors="0">
  <testcase name="verifyFBLogin" time="0.0" classname="com.testersconnect.tests.Regression_Test"/>
  <testcase name="verifyFBViewNote" time="0.0" classname="com.testersconnect.tests.Regression_Test"/>
  <testcase name="verifyFBC0mment" time="0.0" classname="com.testersconnect.tests.Regression_Test"/>
  <testcase name="verifyFBLogout" time="0.0" classname="com.testersconnect.tests.Regression_Test"/>
</testsuite> <!-- Default test -->
